C51 COMPILER V7.06   MAIN                                                                  06/30/2010 15:57:03 PAGE 1   


C51 COMPILER V7.06, COMPILATION OF MODULE MAIN
OBJECT MODULE PLACED IN main.OBJ
COMPILER INVOKED BY: d:\Keil\C51\BIN\C51.EXE main.c BROWSE DEBUG OBJECTEXTEND

stmt level    source

   1          /*-----------------------------------------------
   2            ƣLCD1602ʾʵʱʱ
   3            ˾ϺӿƼ޹˾
   4            վwww.doflye.cn
   5            дʦ
   6            ڣ2009.5
   7            ޸ģ
   8            ݣͨȡds1302ϢֱʾҺϡбõأϵʱԿСͨڵʱ
             -䡣·ʽ
   9                  ڷдʱϢʽ 2009071210102005 ʾ2009712 101020 壬Ȼͨ
             -ڷͣӲӷʽ
  10                          ͨͬעм䲻пո
  11            -----------------------------------------------*/
  12          #include<reg52.h>
  13          #include"ds1302.h"
  14          #include"9325tp.h"
  15          #include "18b20.h"
  16          /*-----------------------------------------------
  17                            ȫֱ
  18          -----------------------------------------------*/
  19          #define TOP    10
  20          #define BOTTOM 10
  21          #define LEFT   15
  22          #define RIGHT  10
  23          #define DISTANCE  20
  24          
  25          #define CCOLOR 0xffff
  26          
  27          #define BCOLOR 0x0000
  28          
  29          unsigned int temp; //¶ʱ
  30          unsigned char TempH,TempL;
  31          bit SetFlag;       //ʱ־λ
  32          unsigned char   time_buf2[16];
  33          unsigned char timeold;
  34          /*-----------------------------------------------
  35                            
  36          -----------------------------------------------*/
  37          void disp(void);
  38          /*------------------------------------------------
  39                        ͨѶʼ
  40          ------------------------------------------------*/
  41          void UART_Init(void)
  42          {
  43   1          SCON  = 0x50;                       // SCON: ģʽ 1, 8-bit UART, ʹܽ  
  44   1          TMOD |= 0x20;               // TMOD: timer 1, mode 2, 8-bit װ
  45   1          TH1   = 0xFD;               // TH1:  װֵ 9600   11.0592MHz  
  46   1          TR1   = 1;                  // TR1:  timer 1                          
  47   1          EA    = 1;                  //ж
  48   1          ES    = 1;                  //򿪴ж
  49   1      }
  50          
  51          /*------------------------------------------------
  52                                
  53          ------------------------------------------------*/
C51 COMPILER V7.06   MAIN                                                                  06/30/2010 15:57:03 PAGE 2   

  54          main()
  55          {
  56   1        unsigned char i;
  57   1      
  58   1             UART_Init();
  59   1                 
  60   1             Ds1302_Init(); /*DS302ʼ*/
  61   1             ILI9325_Initial(); //ʼLCD
  62   1             CLR_Screen(BCOLOR); //ñɫ
  63   1             //ο
  64   1                 Rectangle(LEFT,TOP,LEFT+100,TOP+140,CCOLOR);
  65   1                 Rectangle(LEFT+1,TOP+1,LEFT+99,TOP+139,CCOLOR);
  66   1      
  67   1                 LCD_PutString(LEFT+10,TOP+10,"ǰڣ",CCOLOR,BCOLOR);
  68   1             LCD_PutString(LEFT+10,DISTANCE*2+TOP+10,"ǰʱ䣺",CCOLOR,BCOLOR);
  69   1                 LCD_PutString(LEFT+10,DISTANCE*4+TOP+10,"",CCOLOR,BCOLOR);
  70   1                 LCD_PutString(LEFT+10,DISTANCE*5+TOP+12,"¶ȣ   ",CCOLOR,BCOLOR);
  71   1             //м
  72   1                 Line(LEFT,TOP+DISTANCE+8,LEFT+100,TOP+DISTANCE+8,CCOLOR);
  73   1             Line(LEFT,TOP+DISTANCE*2+8,LEFT+100,TOP+DISTANCE*2+8,CCOLOR);
  74   1                 Line(LEFT,TOP+DISTANCE*3+8,LEFT+100,TOP+DISTANCE*3+8,CCOLOR);
  75   1                 Line(LEFT,TOP+DISTANCE*4+8,LEFT+100,TOP+DISTANCE*4+8,CCOLOR);
  76   1                 Line(LEFT,TOP+DISTANCE*5+8,LEFT+100,TOP+DISTANCE*5+8,CCOLOR);
  77   1        while(1)
  78   1             {
  79   2                  timeold=time_buf1[6]; // ڼʱǷı
  80   2                  Ds1302_Read_Time();//ȡʱϢ
  81   2      
  82   2                      if(timeold!=time_buf1[6])
  83   2                       {
  84   3               temp=ReadTemperature();//ȡ¶
  85   3                       TempH=temp>>4;
  86   3               TempL=temp&0x0F;
  87   3               TempL=TempL*6/10;//Сƴ
  88   3               disp();         //ҺʾʱϢ
  89   3               }
  90   2                         if(SetFlag)     //յϢʱ
  91   2                           {
  92   3                               for(i=0;i<8;i++)
  93   3                               {
  94   4                               time_buf1[i]=time_buf2[2*i]*10+time_buf2[2*i+1];//ϣ2 15ϳ15
  95   4                               }
  96   3                               Ds1302_Write_Time();
  97   3                               SetFlag=0;     //ʱϢº־λ
  98   3                               }
  99   2                   }
 100   1       
 101   1        }
 102          
 103          /*------------------------------------------------
 104                            жϳ
 105          ------------------------------------------------*/
 106          void UART_SER (void) interrupt 4 //жϷ
 107          {
 108   1          unsigned char Temp;          //ʱ 
 109   1          unsigned char i;
 110   1          if(RI)                        //жǽжϲ
 111   1           {
 112   2                RI=0;                      //־λ
 113   2                Temp=SBUF;                 //뻺ֵ
 114   2                time_buf2[i]=Temp&0x0F;
 115   2                i++;
C51 COMPILER V7.06   MAIN                                                                  06/30/2010 15:57:03 PAGE 3   

 116   2                if(i==16)                  //16ַϢ
 117   2                 {
 118   3                  i=0;
 119   3                      SetFlag=1;               //ɱ־λ1
 120   3                 }
 121   2            SBUF=Temp; //ѽյֵٷصԶ
 122   2               }
 123   1         if(TI)  //Ƿͱ־λ
 124   1           TI=0;
 125   1      } 
 126          
 127          /*------------------------------------------------
 128                       ʾ
 129          ------------------------------------------------*/
 130          void disp(void)
 131          
 132          {
 133   1       
 134   1       unsigned char  TempData[10];
 135   1      
 136   1       TempData[0]='2';
 137   1       TempData[1]='0';
 138   1       TempData[2]='0'+time_buf1[1]/10;
 139   1       TempData[3]='0'+time_buf1[1]%10;
 140   1       TempData[4]='-';
 141   1       TempData[5]='0'+time_buf1[2]/10;
 142   1       TempData[6]='0'+time_buf1[2]%10;
 143   1       TempData[7]='-';
 144   1       TempData[8]='0'+time_buf1[3]/10;
 145   1       TempData[9]='0'+time_buf1[3]%10;
 146   1      
 147   1       LCD_PutString(LEFT+10,DISTANCE+TOP+10,TempData,CCOLOR,BCOLOR);
 148   1      
 149   1      
 150   1       
 151   1       TempData[0]='0'+time_buf1[4]/10;
 152   1       TempData[1]='0'+time_buf1[4]%10;
 153   1       TempData[2]=':';
 154   1       TempData[3]='0'+time_buf1[5]/10;
 155   1       TempData[4]='0'+time_buf1[5]%10;
 156   1       TempData[5]=':';
 157   1       TempData[6]='0'+time_buf1[6]/10;
 158   1       TempData[7]='0'+time_buf1[6]%10;
 159   1       TempData[8]=' ';
 160   1       TempData[9]=' ';
 161   1      
 162   1      LCD_PutString(LEFT+10,DISTANCE*3+TOP+10,TempData,CCOLOR,BCOLOR);
 163   1      
 164   1      switch(time_buf1[7])
 165   1      {
 166   2       case 1:LCD_PutString(LEFT+42,DISTANCE*4+TOP+10,"һ",CCOLOR,BCOLOR);break;
 167   2       case 2:LCD_PutString(LEFT+42,DISTANCE*4+TOP+10,"",CCOLOR,BCOLOR);break;
 168   2       case 3:LCD_PutString(LEFT+42,DISTANCE*4+TOP+10,"",CCOLOR,BCOLOR);break;
 169   2       case 4:LCD_PutString(LEFT+42,DISTANCE*4+TOP+10,"",CCOLOR,BCOLOR);break;
 170   2       case 5:LCD_PutString(LEFT+42,DISTANCE*4+TOP+10,"",CCOLOR,BCOLOR);break;
 171   2       case 6:LCD_PutString(LEFT+42,DISTANCE*4+TOP+10,"",CCOLOR,BCOLOR);break;
 172   2       case 7:LCD_PutString(LEFT+42,DISTANCE*4+TOP+10,"",CCOLOR,BCOLOR);break;
 173   2       default:break;
 174   2      }
 175   1      
 176   1       TempData[8]='0'+(TempH%100)/10;
 177   1       TempData[9]='0'+(TempH%100)%10; //ֻʹ2λ
C51 COMPILER V7.06   MAIN                                                                  06/30/2010 15:57:03 PAGE 4   

 178   1      LCD_PutString(LEFT+58,DISTANCE*5+TOP+12,&TempData[8],CCOLOR,BCOLOR);
 179   1      }


MODULE INFORMATION:   STATIC OVERLAYABLE
   CODE SIZE        =    796    ----
   CONSTANT SIZE    =     60    ----
   XDATA SIZE       =   ----    ----
   PDATA SIZE       =   ----    ----
   DATA SIZE        =     21      11
   IDATA SIZE       =   ----    ----
   BIT SIZE         =      1    ----
END OF MODULE INFORMATION.


C51 COMPILATION COMPLETE.  0 WARNING(S),  0 ERROR(S)
