C51 COMPILER V7.06   1602                                                                  06/15/2010 11:29:25 PAGE 1   


C51 COMPILER V7.06, COMPILATION OF MODULE 1602
OBJECT MODULE PLACED IN .\obj\1602.obj
COMPILER INVOKED BY: d:\Keil\C51\BIN\C51.EXE 1602.c BROWSE DEBUG OBJECTEXTEND PRINT(.\obj\1602.lst) OBJECT(.\obj\1602.ob
                    -j)

stmt level    source

   1          /*-----------------------------------------------
   2            名称：LCD1602
   3            论坛：www.doflye.net
   4            编写：shifang
   5            日期：2009.5
   6            修改：无
   7            内容：
   8            引脚定义如下：1-VSS 2-VDD 3-V0 4-RS 5-R/W 6-E 7-14 DB0-DB7 15-BLA 16-BLK
   9          ------------------------------------------------*/
  10          #include "1602.h"
  11          #include "delay.h"
  12          
  13          #define CHECK_BUSY
  14          
  15          sbit RS = P2^4;   //定义端口 
  16          sbit RW = P2^5;
  17          sbit EN = P2^6;
  18          
  19          #define RS_CLR RS=0 
  20          #define RS_SET RS=1
  21          
  22          #define RW_CLR RW=0 
  23          #define RW_SET RW=1 
  24          
  25          #define EN_CLR EN=0
  26          #define EN_SET EN=1
  27          
  28          #define DataPort P0
  29          
  30          /*------------------------------------------------
  31                        判忙函数
  32          ------------------------------------------------*/
  33           bit LCD_Check_Busy(void) 
  34           { 
  35   1      #ifdef CHECK_BUSY
  36   1       DataPort= 0xFF; 
  37   1       RS_CLR; 
  38   1       RW_SET; 
  39   1       EN_CLR; 
  40   1       _nop_(); 
  41   1       EN_SET;
  42   1       return (bit)(DataPort & 0x80);
  43   1      #else
               return 0;
              #endif
  46   1       }
  47          /*------------------------------------------------
  48                        写入命令函数
  49          -----------------   ----------------------------*/
  50           void LCD_Write_Com(unsigned char com) 
  51           {  
  52   1       while(LCD_Check_Busy()); //忙则等待
  53   1       RS_CLR; 
  54   1       RW_CLR; 
C51 COMPILER V7.06   1602                                                                  06/15/2010 11:29:25 PAGE 2   

  55   1       EN_SET; 
  56   1       DataPort= com; 
  57   1       _nop_(); 
  58   1       EN_CLR;
  59   1       }
  60          /*------------------------------------------------
  61                        写入数据函数
  62          ------------------------------------------------*/
  63           void LCD_Write_Data(unsigned char Data) 
  64           { 
  65   1       while(LCD_Check_Busy()); //忙则等待
  66   1       RS_SET; 
  67   1       RW_CLR; 
  68   1       EN_SET; 
  69   1       DataPort= Data; 
  70   1       _nop_();
  71   1       EN_CLR;
  72   1       }
  73          
  74          /*------------------------------------------------
  75                          清屏函数
  76          ------------------------------------------------*/
  77           void LCD_Clear(void) 
  78           { 
  79   1       LCD_Write_Com(0x01); 
  80   1       DelayMs(5);
  81   1       }
  82          /*------------------------------------------------
  83                        写入字符串函数
  84          ------------------------------------------------*/
  85           void LCD_Write_String(unsigned char x,unsigned char y,unsigned char *s) 
  86           {     
  87   1       if (y == 0) 
  88   1              {     
  89   2               LCD_Write_Com(0x80 + x);     //表示第一行
  90   2              }
  91   1       else 
  92   1              {      
  93   2              LCD_Write_Com(0xC0 + x);      //表示第二行
  94   2              }        
  95   1       while (*s) 
  96   1              {     
  97   2       LCD_Write_Data( *s);     
  98   2       s ++;     
  99   2              }
 100   1       }
 101          /*------------------------------------------------
 102                        写入字符函数
 103          ------------------------------------------------*/
 104          /* void LCD_Write_Char(unsigned char x,unsigned char y,unsigned char Data) 
 105           {     
 106           if (y == 0) 
 107                  {     
 108                  LCD_Write_Com(0x80 + x);     
 109                  }    
 110           else 
 111                  {     
 112                  LCD_Write_Com(0xC0 + x);     
 113                  }        
 114           LCD_Write_Data( Data);  
 115           }*/
 116          /*------------------------------------------------
C51 COMPILER V7.06   1602                                                                  06/15/2010 11:29:25 PAGE 3   

 117                        初始化函数
 118          ------------------------------------------------*/
 119           void LCD_Init(void) 
 120           {
 121   1         LCD_Write_Com(0x38);    /*显示模式设置*/ 
 122   1         DelayMs(5); 
 123   1         LCD_Write_Com(0x38); 
 124   1         DelayMs(5); 
 125   1         LCD_Write_Com(0x38); 
 126   1         DelayMs(5); 
 127   1         LCD_Write_Com(0x38);  
 128   1         LCD_Write_Com(0x08);    /*显示关闭*/ 
 129   1         LCD_Write_Com(0x01);    /*显示清屏*/ 
 130   1         LCD_Write_Com(0x06);    /*显示光标移动设置*/ 
 131   1         DelayMs(5); 
 132   1         LCD_Write_Com(0x0C);    /*显示开及光标设置*/
 133   1         }
 134          


MODULE INFORMATION:   STATIC OVERLAYABLE
   CODE SIZE        =    155    ----
   CONSTANT SIZE    =   ----    ----
   XDATA SIZE       =   ----    ----
   PDATA SIZE       =   ----    ----
   DATA SIZE        =   ----    ----
   IDATA SIZE       =   ----    ----
   BIT SIZE         =   ----    ----
END OF MODULE INFORMATION.


C51 COMPILATION COMPLETE.  0 WARNING(S),  0 ERROR(S)
