C51 COMPILER V7.06   MAIN                                                                  06/15/2010 17:41:31 PAGE 1   


C51 COMPILER V7.06, COMPILATION OF MODULE MAIN
OBJECT MODULE PLACED IN .\obj\main.obj
COMPILER INVOKED BY: d:\Keil\C51\BIN\C51.EXE main.c BROWSE DEBUG OBJECTEXTEND PRINT(.\obj\main.lst) OBJECT(.\obj\main.ob
                    -j)

stmt level    source

   1          /*-----------------------------------------------
   2            名称：PS2键盘lcd1602显示
   3            论坛：www.doflye.net
   4            编写：shifang
   5            日期：2009.5
   6            修改：无
   7            内容：测试Ps2键盘读入信息  
   8          ------------------------------------------------*/
   9          #include<reg52.h> //包含头文件，一般情况不需要改动，头文件包含特殊功能寄存器的定义
  10          #include "delay.h"
  11          #include "1602.h"
  12          #include "ps2.h"
  13          
  14          void main(void)
  15          {
  16   1      
  17   1      
  18   1       LCD_Init();
  19   1       DelayMs(10);
  20   1       LCD_Clear();
  21   1       PS2_Init();
  22   1       LCD_Write_String(0,0,"www.doflye.net ");
  23   1       LCD_Write_String(0,1,"press the key! ");
  24   1       
  25   1      
  26   1       while(1)
  27   1       {
  28   2        Read_KeyBoard(); //读取键盘值，循环显示到液晶
  29   2       }
  30   1      }


MODULE INFORMATION:   STATIC OVERLAYABLE
   CODE SIZE        =     44    ----
   CONSTANT SIZE    =     32    ----
   XDATA SIZE       =   ----    ----
   PDATA SIZE       =   ----    ----
   DATA SIZE        =   ----    ----
   IDATA SIZE       =   ----    ----
   BIT SIZE         =   ----    ----
END OF MODULE INFORMATION.


C51 COMPILATION COMPLETE.  0 WARNING(S),  0 ERROR(S)
