C51 COMPILER V7.06   DS1302                                                                06/19/2009 10:01:58 PAGE 1   


C51 COMPILER V7.06, COMPILATION OF MODULE DS1302
OBJECT MODULE PLACED IN ds1302.OBJ
COMPILER INVOKED BY: d:\Keil\C51\BIN\C51.EXE ds1302.c BROWSE DEBUG OBJECTEXTEND

stmt level    source

   1          
   2          
   3          #include <reg52.h>
   4          #include <intrins.h>
   5          
   6          sbit SCK=P3^5;          
   7          sbit SDA=P3^6;          
   8          sbit RST = P3^7;   // DS1302∏¥Œª
   9          
  10          sbit Key=P3^1;
  11          
  12          bit ReadRTC_Flag;
  13          
  14          unsigned int l_tmpdate[7]={0,0,12,15,5,3,8};//√Î∑÷ ±»’‘¬÷‹ƒÍ08-05-15 12:00:00
  15          unsigned char l_tmpdisplay[8];
  16          code unsigned char write_rtc_address[7]={0x80,0x82,0x84,0x86,0x88,0x8a,0x8c}; //√Î∑÷ ±»’‘¬÷‹ƒÍ ◊ÓµÕŒª∂¡–¥Œ
             -ª
  17          code unsigned char read_rtc_address[7]={0x81,0x83,0x85,0x87,0x89,0x8b,0x8d};  
  18          
  19                                                                                                          
  20          void Write_Ds1302_byte(unsigned char temp); 
  21          void Write_Ds1302( unsigned char address,unsigned char dat );
  22          unsigned char Read_Ds1302 ( unsigned char address );
  23          void DelayMs(unsigned char ms);//delay Ms
  24          void InitLcd();
  25          void disp(void);
  26          
  27          void Read_RTC(void);//read RTC 
  28          void Set_RTC(void); //set RTC 
  29          
  30          void InitTIMER0(void);//inital timer0
  31          
  32          void main(void)    
  33          {
  34   1          InitTIMER0();
  35   1      
  36   1              //Set_RTC();//…Ë÷√ ±º‰≥ı÷µ
  37   1              InitLcd();//≥ı ºªØLCD
  38   1          DelayMs(15);//—” ±”√”⁄Œ»∂®π¶ƒ‹
  39   1              while(1){
  40   2               if(ReadRTC_Flag)
  41   2               {
  42   3                  ReadRTC_Flag=0;//±Í÷æŒª«Â¡„
  43   3                      Read_RTC();//∂¡»° ±÷”
  44   3                      disp();//µ˜”√œ‘ æπ¶ƒ‹
  45   3                      if(!Key)
  46   3                        Set_RTC();
  47   3               }
  48   2         }
  49   1      }
  50          
  51          void InitTIMER0(void)
  52          {
  53   1       TMOD|=0x01;//∂® ±∆˜…Ë÷√ 16Œª
  54   1       TH0=0xef;//≥ı ºªØ÷µ
C51 COMPILER V7.06   DS1302                                                                06/19/2009 10:01:58 PAGE 2   

  55   1       TL0=0xf0;
  56   1       ET0=1;
  57   1       TR0=1;
  58   1       EA=1;
  59   1      }
  60          
  61          
  62          
  63          void Write_Ds1302_Byte(unsigned  char temp) 
  64          {
  65   1       unsigned char i;
  66   1       for (i=0;i<8;i++)      //—≠ª∑8¥Œ –¥»Î ˝æ›
  67   1        { 
  68   2         SCK=0;
  69   2           SDA=temp&0x01;             //√ø¥Œ¥´ ‰µÕ◊÷Ω⁄ 
  70   2           temp>>=1;                  //”““∆“ªŒª
  71   2           SCK=1;
  72   2         }
  73   1      }   
  74          
  75          /****************************************************************************/
  76          void Write_Ds1302( unsigned char address,unsigned char dat )     
  77          {
  78   1              RST=0;
  79   1              _nop_();
  80   1              SCK=0;
  81   1              _nop_();
  82   1              RST=1;  
  83   1              _nop_();   //∆Ù∂Ø
  84   1              Write_Ds1302_Byte(address);     //∑¢ÀÕµÿ÷∑
  85   1              Write_Ds1302_Byte(dat);         //∑¢ÀÕ ˝æ›
  86   1              RST=0;                  //ª÷∏¥
  87   1      }
  88          /****************************************************************************/
  89          unsigned char Read_Ds1302 ( unsigned char address )
  90          {
  91   1              unsigned char i,temp=0x00;
  92   1              RST=0;
  93   1              _nop_();
  94   1              SCK=0;
  95   1              _nop_();
  96   1              RST=1;
  97   1              _nop_();
  98   1              Write_Ds1302_Byte(address);
  99   1              for (i=0;i<8;i++)               //—≠ª∑8¥Œ ∂¡»° ˝æ›
 100   1              {               
 101   2                      if(SDA)
 102   2                      temp|=0x80;                     //√ø¥Œ¥´ ‰µÕ◊÷Ω⁄
 103   2                      SCK=0;
 104   2                      temp>>=1;                       //”““∆“ªŒª
 105   2                      SCK=1;
 106   2              } 
 107   1              RST=0;
 108   1              _nop_();                //“‘œ¬Œ™DS1302∏¥ŒªµƒŒ»∂® ±º‰
 109   1              RST=0;
 110   1              SCK=0;
 111   1              _nop_();
 112   1              SCK=1;
 113   1              _nop_();
 114   1              SDA=0;
 115   1              _nop_();
 116   1              SDA=1;
C51 COMPILER V7.06   DS1302                                                                06/19/2009 10:01:58 PAGE 3   

 117   1              _nop_();
 118   1              return (temp);                  //∑µªÿ
 119   1      }
 120          /****************************************************************************/
 121          void Read_RTC(void)             //∂¡»° »’¿˙
 122          {
 123   1       unsigned char i,*p;
 124   1       p=read_rtc_address;    //µÿ÷∑¥´µ›
 125   1       for(i=0;i<7;i++)               //∑÷7¥Œ∂¡»° √Î∑÷ ±»’‘¬÷‹ƒÍ
 126   1       {
 127   2        l_tmpdate[i]=Read_Ds1302(*p);
 128   2        p++;
 129   2       }
 130   1      }
 131          /***********************************************************************/
 132          void Set_RTC(void)              //…Ë∂® »’¿˙
 133          {
 134   1              unsigned char i,*p,tmp;
 135   1              for(i=0;i<7;i++){           //BCD¥¶¿Ì
 136   2                      tmp=l_tmpdate[i]/10;
 137   2                      l_tmpdate[i]=l_tmpdate[i]%10;
 138   2                      l_tmpdate[i]=l_tmpdate[i]+tmp*16;
 139   2              }
 140   1              Write_Ds1302(0x8E,0X00);
 141   1              
 142   1              p=write_rtc_address;    //¥´µÿ÷∑        
 143   1              for(i=0;i<7;i++)                //7¥Œ–¥»Î √Î∑÷ ±»’‘¬÷‹ƒÍ
 144   1              {
 145   2                        Write_Ds1302(*p,l_tmpdate[i]);
 146   2                       p++;  
 147   2               }
 148   1               Write_Ds1302(0x8E,0x80);
 149   1      }
 150          
 151          void tim(void) interrupt 1 using 1//÷–∂œ
 152          {
 153   1      
 154   1          static unsigned char i,num;
 155   1          TH0=0xf5;
 156   1          TL0=0xe0;
 157   1              i++;
 158   1              if(i==8)
 159   1                {
 160   2                 i=0;
 161   2                 num++;
 162   2                 if(10==num)       //∏Ù∂Œ ±º‰∂¡»°1302µƒ ˝æ›°£ ±º‰º‰∏Ùø…“‘µ˜’˚
 163   2                   {
 164   3                       ReadRTC_Flag=1; // π”√±Í÷æŒª≈–∂œ
 165   3                       num=0;
 166   3                       }
 167   2                 
 168   2                 }
 169   1       }
 170          


MODULE INFORMATION:   STATIC OVERLAYABLE
   CODE SIZE        =    353    ----
   CONSTANT SIZE    =     14    ----
   XDATA SIZE       =   ----    ----
   PDATA SIZE       =   ----    ----
   DATA SIZE        =     24       2
C51 COMPILER V7.06   DS1302                                                                06/19/2009 10:01:58 PAGE 4   

   IDATA SIZE       =   ----    ----
   BIT SIZE         =      1    ----
END OF MODULE INFORMATION.


C51 COMPILATION COMPLETE.  0 WARNING(S),  0 ERROR(S)
